TN:
SF:/Users/werlagde/Projects/C2_s21_stringplus-0/src/s21_string.c
FN:9,s21_memchr
FNDA:3,s21_memchr
FN:20,s21_memcmp
FNDA:3,s21_memcmp
FN:30,s21_memcpy
FNDA:3,s21_memcpy
FN:39,s21_memmove
FNDA:0,s21_memmove
FN:52,s21_memset
FNDA:0,s21_memset
FN:60,s21_strcat
FNDA:1,s21_strcat
FN:71,s21_strncat
FNDA:1,s21_strncat
FN:82,s21_strchr
FNDA:358,s21_strchr
FN:91,s21_strcmp
FNDA:3,s21_strcmp
FN:103,s21_strncmp
FNDA:3,s21_strncmp
FN:117,s21_strcpy
FNDA:257,s21_strcpy
FN:126,s21_strncpy
FNDA:106,s21_strncpy
FN:134,s21_strcspn
FNDA:6,s21_strcspn
FN:167,s21_strerror
FNDA:142,s21_strerror
FN:183,s21_strlen
FNDA:162,s21_strlen
FN:189,s21_strpbrk
FNDA:121,s21_strpbrk
FN:203,s21_strrchr
FNDA:3,s21_strrchr
FN:216,s21_strspn
FNDA:0,s21_strspn
FN:233,s21_strstr
FNDA:3,s21_strstr
FN:259,s21_strtok
FNDA:0,s21_strtok
FN:290,s21_sprintf
FNDA:14,s21_sprintf
FN:313,s21_to_upper
FNDA:0,s21_to_upper
FN:331,s21_to_lower
FNDA:4,s21_to_lower
FN:349,s21_insert
FNDA:5,s21_insert
FNF:24
FNH:19
DA:9,3
DA:10,3
DA:11,3
DA:12,20
DA:13,17
DA:14,1
DA:16,3
DA:20,3
DA:21,3
DA:22,3
DA:23,3
DA:24,16
DA:25,13
DA:26,3
DA:30,3
DA:31,3
DA:32,3
DA:33,19
DA:34,16
DA:35,3
DA:39,0
DA:40,0
DA:41,0
DA:42,0
DA:43,0
DA:44,0
DA:45,0
DA:46,0
DA:47,0
DA:48,0
DA:52,0
DA:53,0
DA:54,0
DA:55,0
DA:56,0
DA:60,1
DA:61,1
DA:62,6
DA:63,5
DA:64,6
DA:65,5
DA:66,1
DA:67,1
DA:71,1
DA:72,1
DA:73,6
DA:74,5
DA:75,4
DA:76,3
DA:77,1
DA:78,1
DA:82,358
DA:83,358
DA:84,1010
DA:85,358
DA:86,116
DA:87,358
DA:91,3
DA:92,3
DA:93,10
DA:94,7
DA:95,7
DA:97,3
DA:98,2
DA:99,3
DA:103,3
DA:104,3
DA:105,3
DA:106,10
DA:107,7
DA:108,7
DA:109,7
DA:111,3
DA:112,2
DA:113,3
DA:117,257
DA:118,257
DA:119,3432
DA:120,3175
DA:121,257
DA:122,257
DA:126,106
DA:127,106
DA:128,526
DA:129,420
DA:130,106
DA:134,6
DA:135,6
DA:136,6
DA:138,6
DA:139,6
DA:141,17
DA:142,11
DA:143,36
DA:144,25
DA:145,22
DA:146,25
DA:149,11
DA:151,11
DA:152,6
DA:154,5
DA:156,11
DA:158,11
DA:159,1
DA:161,11
DA:163,6
DA:167,142
DA:169,142
DA:170,107
DA:174,35
DA:175,35
DA:176,35
DA:177,35
DA:179,142
DA:183,162
DA:184,162
DA:185,1211
DA:186,162
DA:189,121
DA:190,121
DA:191,269
DA:192,148
DA:193,535
DA:194,387
DA:195,35
DA:197,148
DA:199,121
DA:203,3
DA:204,3
DA:205,3
DA:206,3
DA:207,14
DA:208,11
DA:210,3
DA:211,2
DA:212,3
DA:216,0
DA:217,0
DA:218,0
DA:219,0
DA:220,0
DA:221,0
DA:222,0
DA:223,0
DA:224,0
DA:225,0
DA:226,0
DA:230,0
DA:233,3
DA:234,3
DA:235,3
DA:236,3
DA:237,3
DA:239,33
DA:240,30
DA:241,2
DA:242,2
DA:243,13
DA:244,11
DA:245,1
DA:247,11
DA:248,11
DA:250,2
DA:251,1
DA:254,30
DA:256,3
DA:259,0
DA:261,0
DA:263,0
DA:265,0
DA:266,0
DA:268,0
DA:269,0
DA:270,0
DA:271,0
DA:272,0
DA:273,0
DA:274,0
DA:275,0
DA:276,0
DA:277,0
DA:278,0
DA:280,0
DA:283,0
DA:285,0
DA:286,0
DA:290,14
DA:291,14
DA:294,14
DA:295,208
DA:296,194
DA:297,48
DA:299,48
DA:300,48
DA:301,48
DA:303,146
DA:306,14
DA:307,14
DA:309,14
DA:313,0
DA:314,0
DA:315,0
DA:316,0
DA:317,0
DA:318,0
DA:319,0
DA:320,0
DA:321,0
DA:323,0
DA:325,0
DA:328,0
DA:331,4
DA:332,4
DA:333,4
DA:334,3
DA:335,3
DA:336,3
DA:337,26
DA:338,23
DA:339,3
DA:341,20
DA:343,3
DA:346,4
DA:349,5
DA:350,5
DA:351,5
DA:352,5
DA:354,5
DA:355,3
DA:356,3
DA:357,3
DA:358,3
DA:359,3
DA:360,3
DA:361,3
DA:362,3
DA:363,3
DA:367,5
LF:238
LH:179
end_of_record
TN:
SF:/Users/werlagde/Projects/C2_s21_stringplus-0/src/s21_string_helpers.c
FN:13,read_format_params
FNDA:48,read_format_params
FN:36,_read_f_flag
FNDA:48,_read_f_flag
FN:46,_read_f_spec
FNDA:48,_read_f_spec
FN:66,_read_f_num
FNDA:64,_read_f_num
FN:79,_set_default_params
FNDA:86,_set_default_params
FN:87,convert_arg
FNDA:48,convert_arg
FN:133,_int_to_str
FNDA:6,_int_to_str
FN:146,_uint_to_str
FNDA:9,_uint_to_str
FN:159,_ptr_to_str
FNDA:3,_ptr_to_str
FN:166,_float_to_str
FNDA:18,_float_to_str
FN:173,_chr_to_str
FNDA:2,_chr_to_str
FN:179,_str_to_str
FNDA:5,_str_to_str
FN:198,_get_printed_chars_num
FNDA:3,_get_printed_chars_num
FN:203,_add_padding
FNDA:102,_add_padding
FN:209,itoa
FNDA:53,itoa
FN:253,ftoa
FNDA:18,ftoa
FN:299,fntoa
FNDA:6,fntoa
FN:335,fetoa
FNDA:6,fetoa
FN:378,fgtoa
FNDA:3,fgtoa
FN:388,_calc_exp
FNDA:7,_calc_exp
FN:407,s21_atoi
FNDA:46,s21_atoi
FN:425,_reverse
FNDA:71,_reverse
FNF:22
FNH:22
DA:13,48
DA:14,48
DA:15,48
DA:16,48
DA:17,48
DA:18,3
DA:19,3
DA:21,45
DA:23,48
DA:24,20
DA:25,20
DA:26,1
DA:27,1
DA:29,19
DA:32,48
DA:33,48
DA:36,48
DA:37,48
DA:38,48
DA:39,48
DA:40,32
DA:41,32
DA:43,48
DA:46,48
DA:47,48
DA:49,48
DA:50,2
DA:51,2
DA:53,48
DA:54,0
DA:55,0
DA:57,48
DA:58,48
DA:59,48
DA:61,48
DA:62,48
DA:63,48
DA:66,64
DA:67,64
DA:68,131
DA:69,67
DA:70,64
DA:72,46
DA:73,46
DA:74,46
DA:76,64
DA:79,86
DA:80,86
DA:81,86
DA:82,86
DA:83,516
DA:84,430
DA:85,86
DA:87,48
DA:88,48
DA:90,48
DA:93,48
DA:94,6
DA:95,42
DA:96,3
DA:97,39
DA:98,3
DA:99,36
DA:100,3
DA:101,33
DA:102,3
DA:103,30
DA:104,3
DA:105,27
DA:106,18
DA:107,9
DA:108,2
DA:109,7
DA:110,5
DA:111,2
DA:112,2
DA:113,2
DA:117,48
DA:118,48
DA:119,48
DA:120,12
DA:121,12
DA:122,12
DA:123,12
DA:125,36
DA:126,36
DA:127,36
DA:128,36
DA:130,48
DA:133,6
DA:134,6
DA:135,0
DA:136,6
DA:137,0
DA:138,6
DA:139,0
DA:140,0
DA:142,6
DA:144,6
DA:146,9
DA:147,9
DA:148,0
DA:149,9
DA:150,0
DA:151,9
DA:152,0
DA:153,0
DA:155,9
DA:157,9
DA:159,3
DA:161,3
DA:162,3
DA:163,3
DA:164,3
DA:166,18
DA:167,18
DA:168,0
DA:170,18
DA:171,18
DA:173,2
DA:174,2
DA:175,2
DA:176,2
DA:177,2
DA:179,5
DA:180,5
DA:182,5
DA:183,1
DA:184,6
DA:185,5
DA:186,5
DA:188,1
DA:190,4
DA:191,4
DA:192,2
DA:193,4
DA:194,4
DA:196,5
DA:198,3
DA:199,3
DA:200,3
DA:201,3
DA:203,102
DA:204,289
DA:205,187
DA:206,102
DA:209,53
DA:210,53
DA:211,53
DA:212,53
DA:213,53
DA:215,53
DA:216,53
DA:217,53
DA:218,1
DA:220,53
DA:222,201
DA:223,201
DA:224,201
DA:225,201
DA:227,53
DA:228,53
DA:229,5
DA:230,48
DA:231,5
DA:232,53
DA:233,53
DA:234,10
DA:236,53
DA:237,2
DA:238,51
DA:239,1
DA:240,50
DA:241,4
DA:242,4
DA:243,46
DA:244,1
DA:247,53
DA:248,53
DA:249,53
DA:253,18
DA:254,18
DA:255,18
DA:256,18
DA:257,18
DA:258,18
DA:259,18
DA:261,18
DA:262,6
DA:264,18
DA:265,3
DA:266,3
DA:267,15
DA:268,3
DA:269,3
DA:271,12
DA:272,5
DA:273,7
DA:274,4
DA:275,4
DA:276,4
DA:277,3
DA:278,3
DA:279,3
DA:280,3
DA:283,12
DA:284,1
DA:285,1
DA:286,1
DA:289,18
DA:290,3
DA:291,15
DA:292,4
DA:293,18
DA:294,18
DA:295,18
DA:296,18
DA:299,6
DA:300,6
DA:302,6
DA:303,6
DA:304,5
DA:305,5
DA:306,5
DA:307,25
DA:308,20
DA:309,20
DA:310,18
DA:311,18
DA:313,20
DA:315,5
DA:317,1
DA:319,6
DA:320,6
DA:322,6
DA:323,5
DA:324,24
DA:325,19
DA:326,19
DA:327,19
DA:330,1
DA:332,6
DA:335,6
DA:336,6
DA:337,6
DA:338,6
DA:339,1
DA:341,5
DA:343,6
DA:344,6
DA:345,1
DA:347,6
DA:348,6
DA:349,6
DA:350,6
DA:351,6
DA:352,6
DA:353,6
DA:354,6
DA:356,6
DA:357,2
DA:358,5
DA:359,3
DA:360,3
DA:361,3
DA:363,2
DA:365,4
DA:367,6
DA:368,5
DA:369,6
DA:370,6
DA:371,0
DA:374,6
DA:375,6
DA:378,3
DA:379,3
DA:380,3
DA:381,1
DA:383,2
DA:385,3
DA:388,7
DA:389,7
DA:390,7
DA:391,7
DA:393,6
DA:394,6
DA:395,6
DA:396,5
DA:398,8
DA:399,8
DA:400,8
DA:401,4
DA:402,2
DA:404,7
DA:407,46
DA:408,46
DA:409,46
DA:411,46
DA:412,67
DA:413,21
DA:414,21
DA:415,21
DA:418,46
DA:419,0
DA:421,46
DA:422,46
DA:425,71
DA:426,71
DA:427,279
DA:428,208
DA:429,208
DA:430,208
DA:432,71
LF:313
LH:300
end_of_record
SF:/usr/local/lib/gcc/10/gcc/x86_64-apple-darwin20/10.3.0/include-fixed/math.h
DA:221,18
DA:230,18
LF:2
LH:2
end_of_record
TN:
SF:/Users/werlagde/Projects/C2_s21_stringplus-0/src/tests/s21_string_tests.c
FN:14,test_insert_zero_index_fn
FNDA:1,test_insert_zero_index_fn
FN:25,test_insert_last_index_fn
FNDA:1,test_insert_last_index_fn
FN:36,test_insert_middle_index_fn
FNDA:1,test_insert_middle_index_fn
FN:47,test_insert_larger_index_fn
FNDA:1,test_insert_larger_index_fn
FN:57,test_insert_neg_index_fn
FNDA:1,test_insert_neg_index_fn
FN:67,test_s21_memchr_normal_fn
FNDA:1,test_s21_memchr_normal_fn
FN:73,test_s21_memchr_no_result_fn
FNDA:1,test_s21_memchr_no_result_fn
FN:80,test_s21_memchr_empty_str_fn
FNDA:1,test_s21_memchr_empty_str_fn
FN:87,test_s21_memcmp_normal_fn
FNDA:1,test_s21_memcmp_normal_fn
FN:94,test_s21_memcmp_not_equal_fn
FNDA:1,test_s21_memcmp_not_equal_fn
FN:101,test_s21_memcmp_empty_str_fn
FNDA:1,test_s21_memcmp_empty_str_fn
FN:108,test_s21_memcpy_full_fn
FNDA:1,test_s21_memcpy_full_fn
FN:119,test_s21_memcpy_partial_fn
FNDA:1,test_s21_memcpy_partial_fn
FN:130,test_s21_memcpy_empty_fn
FNDA:1,test_s21_memcpy_empty_fn
FN:142,test_s21_sprintf_strings_fn
FNDA:1,test_s21_sprintf_strings_fn
FN:154,test_s21_sprintf_wide_strings_fn
FNDA:1,test_s21_sprintf_wide_strings_fn
FN:164,test_s21_sprintf_float_values_fn
FNDA:1,test_s21_sprintf_float_values_fn
FN:174,test_s21_sprintf_nan_fn
FNDA:1,test_s21_sprintf_nan_fn
FN:184,test_s21_sprintf_inf_fn
FNDA:1,test_s21_sprintf_inf_fn
FN:194,test_s21_sprintf_int_values_fn
FNDA:1,test_s21_sprintf_int_values_fn
FN:204,test_s21_sprintf_uint_values_fn
FNDA:1,test_s21_sprintf_uint_values_fn
FN:214,test_s21_sprintf_oct_values_fn
FNDA:1,test_s21_sprintf_oct_values_fn
FN:224,test_s21_sprintf_hex_values_fn
FNDA:1,test_s21_sprintf_hex_values_fn
FN:234,test_s21_sprintf_ptr_fn
FNDA:1,test_s21_sprintf_ptr_fn
FN:245,test_s21_sprintf_chars_printed_fn
FNDA:1,test_s21_sprintf_chars_printed_fn
FN:261,test_s21_sprintf_width_and_precision_from_arg_fn
FNDA:1,test_s21_sprintf_width_and_precision_from_arg_fn
FN:271,test_s21_sprintf_float_exp_format_fn
FNDA:1,test_s21_sprintf_float_exp_format_fn
FN:281,test_s21_sprintf_float_g_format_fn
FNDA:1,test_s21_sprintf_float_g_format_fn
FN:291,test_s21_strcat_s1_sum_s2_fn
FNDA:1,test_s21_strcat_s1_sum_s2_fn
FN:298,test_s21_strchr_normal_fn
FNDA:1,test_s21_strchr_normal_fn
FN:305,test_s21_strchr_no_result_fn
FNDA:1,test_s21_strchr_no_result_fn
FN:312,test_s21_strchr_empty_str_fn
FNDA:1,test_s21_strchr_empty_str_fn
FN:319,test_s21_strcmp_1_equal_fn
FNDA:1,test_s21_strcmp_1_equal_fn
FN:326,test_s21_strcmp_2_non_equal_fn
FNDA:1,test_s21_strcmp_2_non_equal_fn
FN:333,test_s21_strcmp_1_littel_fn
FNDA:1,test_s21_strcmp_1_littel_fn
FN:340,test_s21_strcpy_not_empty_fn
FNDA:1,test_s21_strcpy_not_empty_fn
FN:353,test_s21_strcpy_empty_fn
FNDA:1,test_s21_strcpy_empty_fn
FN:366,test_s21_strcspn_equal_lines_fn
FNDA:1,test_s21_strcspn_equal_lines_fn
FN:375,test_s21_strcspn_dif_start_fn
FNDA:1,test_s21_strcspn_dif_start_fn
FN:384,test_s21_strcspn_dif_end_fn
FNDA:1,test_s21_strcspn_dif_end_fn
FN:393,test_s21_strcspn_empty_lines_fn
FNDA:1,test_s21_strcspn_empty_lines_fn
FN:402,test_s21_strcspn_first_line_is_empty_fn
FNDA:1,test_s21_strcspn_first_line_is_empty_fn
FN:411,test_s21_strcspn_second_line_is_empty_fn
FNDA:1,test_s21_strcspn_second_line_is_empty_fn
FN:420,test_s21_strerror_true_codes_fn
FNDA:1,test_s21_strerror_true_codes_fn
FN:426,test_s21_strerror_wrong_code_fn
FNDA:1,test_s21_strerror_wrong_code_fn
FN:431,test_s21_strlen_normal_fn
FNDA:1,test_s21_strlen_normal_fn
FN:437,test_s21_strlen_no_result_fn
FNDA:1,test_s21_strlen_no_result_fn
FN:443,test_s21_strlen_empty_str_fn
FNDA:1,test_s21_strlen_empty_str_fn
FN:449,test_s21_strncat_s1_sum_s2_3_fn
FNDA:1,test_s21_strncat_s1_sum_s2_3_fn
FN:456,test_s21_strncmp_1_same_fn
FNDA:1,test_s21_strncmp_1_same_fn
FN:464,test_s21_strncmp_2_big_fn
FNDA:1,test_s21_strncmp_2_big_fn
FN:472,test_s21_strncmp_1_littel_fn
FNDA:1,test_s21_strncmp_1_littel_fn
FN:480,test_s21_strncpy_not_empty_lines_n0_fn
FNDA:1,test_s21_strncpy_not_empty_lines_n0_fn
FN:494,test_s21_strncpy_not_empty_lines_n2_fn
FNDA:1,test_s21_strncpy_not_empty_lines_n2_fn
FN:508,test_s21_strncpy_not_empty_lines_n15_fn
FNDA:1,test_s21_strncpy_not_empty_lines_n15_fn
FN:522,test_s21_strncpy_first_line_is_empty_fn
FNDA:1,test_s21_strncpy_first_line_is_empty_fn
FN:536,test_s21_strncpy_second_line_is_empty_fn
FNDA:1,test_s21_strncpy_second_line_is_empty_fn
FN:550,test_s21_strpbrk_normal_fn
FNDA:1,test_s21_strpbrk_normal_fn
FN:557,test_s21_strpbrk_no_result_fn
FNDA:1,test_s21_strpbrk_no_result_fn
FN:564,test_s21_strpbrk_empty_str_fn
FNDA:1,test_s21_strpbrk_empty_str_fn
FN:571,test_s21_strrchr_can_find_match_fn
FNDA:1,test_s21_strrchr_can_find_match_fn
FN:579,test_s21_strrchr_several_matches_fn
FNDA:1,test_s21_strrchr_several_matches_fn
FN:587,test_s21_strrchr_can_not_find_match_fn
FNDA:1,test_s21_strrchr_can_not_find_match_fn
FN:595,test_s21_strstr_normal_fn
FNDA:1,test_s21_strstr_normal_fn
FN:602,test_s21_strstr_no_result_fn
FNDA:1,test_s21_strstr_no_result_fn
FN:609,test_s21_strstr_empty_str_fn
FNDA:1,test_s21_strstr_empty_str_fn
FN:616,test_to_lower_regular_characters_fn
FNDA:1,test_to_lower_regular_characters_fn
FN:625,test_to_lower_control_characters_fn
FNDA:1,test_to_lower_control_characters_fn
FN:634,test_to_lower_empty_line_fn
FNDA:1,test_to_lower_empty_line_fn
FN:643,test_to_lower_null_fn
FNDA:1,test_to_lower_null_fn
FN:651,main
FNDA:71,main
FNF:71
FNH:71
DA:14,1
DA:15,1
DA:16,1
DA:17,1
DA:18,1
DA:19,1
DA:20,1
DA:21,1
DA:22,1
DA:25,1
DA:26,1
DA:27,1
DA:28,1
DA:29,1
DA:30,1
DA:31,1
DA:32,1
DA:33,1
DA:36,1
DA:37,1
DA:38,1
DA:39,1
DA:40,1
DA:41,1
DA:42,1
DA:43,1
DA:44,1
DA:47,1
DA:48,1
DA:49,1
DA:50,1
DA:51,1
DA:52,1
DA:53,1
DA:54,1
DA:57,1
DA:58,1
DA:59,1
DA:60,1
DA:61,1
DA:62,1
DA:63,1
DA:64,1
DA:67,1
DA:68,1
DA:69,1
DA:70,1
DA:73,1
DA:74,1
DA:75,1
DA:76,1
DA:77,1
DA:80,1
DA:81,1
DA:82,1
DA:83,1
DA:84,1
DA:87,1
DA:88,1
DA:89,1
DA:90,1
DA:91,1
DA:94,1
DA:95,1
DA:96,1
DA:97,1
DA:98,1
DA:101,1
DA:102,1
DA:103,1
DA:104,1
DA:105,1
DA:108,1
DA:109,1
DA:111,1
DA:112,1
DA:113,1
DA:114,1
DA:115,1
DA:116,1
DA:119,1
DA:120,1
DA:122,1
DA:123,1
DA:124,1
DA:125,1
DA:126,1
DA:127,1
DA:130,1
DA:131,1
DA:133,1
DA:134,1
DA:135,1
DA:136,1
DA:137,1
DA:139,1
DA:142,1
DA:145,1
DA:147,1
DA:149,1
DA:150,1
DA:151,1
DA:154,1
DA:157,1
DA:158,1
DA:159,1
DA:160,1
DA:161,1
DA:164,1
DA:167,1
DA:168,1
DA:169,1
DA:170,1
DA:171,1
DA:174,1
DA:177,1
DA:178,1
DA:179,1
DA:180,1
DA:181,1
DA:184,1
DA:187,1
DA:188,1
DA:189,1
DA:190,1
DA:191,1
DA:194,1
DA:197,1
DA:198,1
DA:199,1
DA:200,1
DA:201,1
DA:204,1
DA:207,1
DA:208,1
DA:209,1
DA:210,1
DA:211,1
DA:214,1
DA:217,1
DA:218,1
DA:219,1
DA:220,1
DA:221,1
DA:224,1
DA:227,1
DA:228,1
DA:229,1
DA:230,1
DA:231,1
DA:234,1
DA:238,1
DA:239,1
DA:240,1
DA:241,1
DA:242,1
DA:245,1
DA:249,1
DA:251,1
DA:253,1
DA:254,1
DA:255,1
DA:256,1
DA:257,1
DA:258,1
DA:261,1
DA:264,1
DA:265,1
DA:266,1
DA:267,1
DA:268,1
DA:271,1
DA:274,1
DA:275,1
DA:276,1
DA:277,1
DA:278,1
DA:281,1
DA:284,1
DA:285,1
DA:286,1
DA:287,1
DA:288,1
DA:291,1
DA:292,1
DA:293,1
DA:294,1
DA:295,1
DA:298,1
DA:299,1
DA:300,1
DA:301,1
DA:302,1
DA:305,1
DA:306,1
DA:307,1
DA:308,1
DA:309,1
DA:312,1
DA:313,1
DA:314,1
DA:315,1
DA:316,1
DA:319,1
DA:320,1
DA:321,1
DA:322,1
DA:323,1
DA:326,1
DA:327,1
DA:328,1
DA:329,1
DA:330,1
DA:333,1
DA:334,1
DA:335,1
DA:336,1
DA:337,1
DA:340,1
DA:341,1
DA:342,1
DA:343,1
DA:344,1
DA:345,1
DA:346,1
DA:347,1
DA:348,1
DA:349,1
DA:350,1
DA:353,1
DA:354,1
DA:355,1
DA:356,1
DA:357,1
DA:358,1
DA:359,1
DA:360,1
DA:361,1
DA:362,1
DA:363,1
DA:366,1
DA:367,1
DA:368,1
DA:369,1
DA:370,1
DA:371,1
DA:372,1
DA:375,1
DA:376,1
DA:377,1
DA:378,1
DA:379,1
DA:380,1
DA:381,1
DA:384,1
DA:385,1
DA:386,1
DA:387,1
DA:388,1
DA:389,1
DA:390,1
DA:393,1
DA:394,1
DA:395,1
DA:396,1
DA:397,1
DA:398,1
DA:399,1
DA:402,1
DA:403,1
DA:404,1
DA:405,1
DA:406,1
DA:407,1
DA:408,1
DA:411,1
DA:412,1
DA:413,1
DA:414,1
DA:415,1
DA:416,1
DA:417,1
DA:420,1
DA:421,142
DA:422,141
DA:423,1
DA:426,1
DA:427,1
DA:428,1
DA:431,1
DA:432,1
DA:433,1
DA:434,1
DA:437,1
DA:438,1
DA:439,1
DA:440,1
DA:443,1
DA:444,1
DA:445,1
DA:446,1
DA:449,1
DA:450,1
DA:451,1
DA:452,1
DA:453,1
DA:456,1
DA:457,1
DA:458,1
DA:459,1
DA:460,1
DA:461,1
DA:464,1
DA:465,1
DA:466,1
DA:467,1
DA:468,1
DA:469,1
DA:472,1
DA:473,1
DA:474,1
DA:475,1
DA:476,1
DA:477,1
DA:480,1
DA:481,1
DA:482,1
DA:483,1
DA:484,1
DA:485,1
DA:486,1
DA:487,1
DA:488,1
DA:489,1
DA:490,1
DA:491,1
DA:494,1
DA:495,1
DA:496,1
DA:497,1
DA:498,1
DA:499,1
DA:500,1
DA:501,1
DA:502,1
DA:503,1
DA:504,1
DA:505,1
DA:508,1
DA:509,1
DA:510,1
DA:511,1
DA:512,1
DA:513,1
DA:514,1
DA:515,1
DA:516,1
DA:517,1
DA:518,1
DA:519,1
DA:522,1
DA:523,1
DA:524,1
DA:525,1
DA:526,1
DA:527,1
DA:528,1
DA:529,1
DA:530,1
DA:531,1
DA:532,1
DA:533,1
DA:536,1
DA:537,1
DA:538,1
DA:539,1
DA:540,1
DA:541,1
DA:542,1
DA:543,1
DA:544,1
DA:545,1
DA:546,1
DA:547,1
DA:550,1
DA:551,1
DA:552,1
DA:553,1
DA:554,1
DA:557,1
DA:558,1
DA:559,1
DA:560,1
DA:561,1
DA:564,1
DA:565,1
DA:566,1
DA:567,1
DA:568,1
DA:571,1
DA:572,1
DA:573,1
DA:574,1
DA:575,1
DA:576,1
DA:579,1
DA:580,1
DA:581,1
DA:582,1
DA:583,1
DA:584,1
DA:587,1
DA:588,1
DA:589,1
DA:590,1
DA:591,1
DA:592,1
DA:595,1
DA:596,1
DA:597,1
DA:598,1
DA:599,1
DA:602,1
DA:603,1
DA:604,1
DA:605,1
DA:606,1
DA:609,1
DA:610,1
DA:611,1
DA:612,1
DA:613,1
DA:616,1
DA:617,1
DA:618,1
DA:619,1
DA:620,1
DA:621,1
DA:622,1
DA:625,1
DA:626,1
DA:627,1
DA:628,1
DA:629,1
DA:630,1
DA:631,1
DA:634,1
DA:635,1
DA:636,1
DA:637,1
DA:638,1
DA:639,1
DA:640,1
DA:643,1
DA:644,1
DA:645,1
DA:646,1
DA:647,1
DA:648,1
DA:651,71
DA:652,71
DA:653,71
DA:654,71
DA:657,71
DA:658,71
DA:659,71
DA:660,71
DA:661,71
DA:662,71
DA:663,71
DA:664,71
DA:665,71
DA:666,71
DA:667,71
DA:668,71
DA:669,71
DA:670,71
DA:671,71
DA:672,71
DA:673,71
DA:674,71
DA:675,71
DA:676,71
DA:677,71
DA:678,71
DA:679,71
DA:680,71
DA:681,71
DA:682,71
DA:683,71
DA:684,71
DA:685,71
DA:686,71
DA:687,71
DA:688,71
DA:689,71
DA:690,71
DA:691,71
DA:692,71
DA:693,71
DA:694,71
DA:695,71
DA:696,71
DA:697,71
DA:698,71
DA:699,71
DA:700,71
DA:701,71
DA:702,71
DA:703,71
DA:704,71
DA:705,71
DA:706,71
DA:707,71
DA:708,71
DA:709,71
DA:710,71
DA:711,71
DA:712,71
DA:713,71
DA:714,71
DA:715,71
DA:716,71
DA:717,71
DA:718,71
DA:719,71
DA:720,71
DA:721,71
DA:722,71
DA:723,71
DA:724,71
DA:725,71
DA:726,71
DA:727,71
DA:729,71
DA:730,1
DA:731,1
DA:733,1
LF:538
LH:538
end_of_record
